<?xml version="1.0" encoding="UTF-8"?>
<!-- Generated by org.testng.reporters.JUnitXMLReporter -->
<testsuite ignored="0" hostname="Gayathri" failures="0" tests="20" name="Regression" time="76.359" errors="0" timestamp="2024-12-26T13:53:52 IST">
  <testcase classname="com.testNg.AnnotationWithSelenium" name="getTitle" time="0.031"/>
  <testcase classname="com.testNg.AssertinsFeature" name="logoTest" time="0.125"/>
  <testcase classname="com.testNg.dependencykeyword" name="registerTest" time="0.127"/>
  <testcase classname="com.testNg.dependencykeyword" name="loginTest" time="0.111"/>
  <testcase classname="com.testNg.dependencykeyword" name="logoTest" time="0.11"/>
  <testcase classname="com.testNg.dependencykeyword" name="selectItems" time="8.471"/>
  <testcase classname="com.testNg.expectedExceptionFeature" name="test1" time="0.003"/>
  <testcase classname="com.testNg.groupskeyword" name="loginTest" time="0.107"/>
  <testcase classname="com.testNg.groupskeyword" name="registerTest" time="0.105"/>
  <testcase classname="com.testNg.groupskeyword" name="logoTest" time="0.111"/>
  <testcase classname="com.testNg.groupskeyword" name="selectItems" time="8.182"/>
  <testcase classname="com.testNg.InvocationCountFeature" name="test1" time="0.002"/>
  <testcase classname="com.testNg.InvocationCountFeature" name="test1" time="0.001"/>
  <testcase classname="com.testNg.InvocationCountFeature" name="test1" time="0.001"/>
  <testcase classname="com.testNg.InvocationCountFeature" name="test1" time="0.001"/>
  <testcase classname="com.testNg.InvocationCountFeature" name="test1" time="0.003"/>
  <testcase classname="com.testNg.priortyKeyword" name="registerTest" time="0.077"/>
  <testcase classname="com.testNg.priortyKeyword" name="logoTest" time="0.113"/>
  <testcase classname="com.testNg.priortyKeyword" name="selectItems" time="8.174"/>
  <testcase classname="com.testNg.TestNGAnnotations" name="getTitle" time="0.001"/>
</testsuite> <!-- Regression -->
